build/outputs/logs/manifest-merger-debug-report.txt
-- Merging decision tree log ---
manifest
ADDED from CedarBlue/cedar-blue-client/AndroidManifest.xml:2:1-37:12
	package
		ADDED from CedarBlue/cedar-blue-client/AndroidManifest.xml:4:5-38
	android:versionName
		ADDED from CedarBlue/cedar-blue-client/AndroidManifest.xml:6:5-30
		INJECTED from CedarBlue/cedar-blue-client/AndroidManifest.xml
		INJECTED from CedarBlue/cedar-blue-client/AndroidManifest.xml
	xmlns:tools
		ADDED from CedarBlue/cedar-blue-client/AndroidManifest.xml:3:5-51
	android:versionCode
		ADDED from CedarBlue/cedar-blue-client/AndroidManifest.xml:5:5-28
		INJECTED from CedarBlue/cedar-blue-client/AndroidManifest.xml
		INJECTED from CedarBlue/cedar-blue-client/AndroidManifest.xml
	xmlns:android
		ADDED from CedarBlue/cedar-blue-client/AndroidManifest.xml:2:11-69
uses-sdk
ADDED from CedarBlue/cedar-blue-client/AndroidManifest.xml:8:5-10:41
MERGED from [com.google.android.gms:play-services-gcm:8.4.0] AndroidManifest.xml:18:5-42
MERGED from [com.google.android.gms:play-services-base:8.4.0] AndroidManifest.xml:18:5-42
MERGED from [com.google.android.gms:play-services-measurement:8.4.0] AndroidManifest.xml:18:5-42
MERGED from [com.google.android.gms:play-services-basement:8.4.0] AndroidManifest.xml:18:5-42
MERGED from [com.android.support:support-v4:23.0.0] AndroidManifest.xml:20:5-43
	android:targetSdkVersion
		ADDED from CedarBlue/cedar-blue-client/AndroidManifest.xml:10:9-38
	android:minSdkVersion
		ADDED from CedarBlue/cedar-blue-client/AndroidManifest.xml:9:9-34
uses-permission#android.permission.INTERNET
ADDED from CedarBlue/cedar-blue-client/AndroidManifest.xml:12:5-14:23
MERGED from [com.google.android.gms:play-services-gcm:8.4.0] AndroidManifest.xml:22:5-67
MERGED from [com.google.android.gms:play-services-measurement:8.4.0] AndroidManifest.xml:21:5-67
	android:name
		ADDED from CedarBlue/cedar-blue-client/AndroidManifest.xml:13:9-51
application
ADDED from CedarBlue/cedar-blue-client/AndroidManifest.xml:16:5-35:19
MERGED from [com.google.android.gms:play-services-gcm:8.4.0] AndroidManifest.xml:24:5-20
MERGED from [com.google.android.gms:play-services-measurement:8.4.0] AndroidManifest.xml:26:5-46:19
MERGED from [com.google.android.gms:play-services-basement:8.4.0] AndroidManifest.xml:20:5-24:19
MERGED from [com.android.support:support-v4:23.0.0] AndroidManifest.xml:22:5-20
	android:label
		ADDED from CedarBlue/cedar-blue-client/AndroidManifest.xml:19:9-41
	android:allowBackup
		ADDED from CedarBlue/cedar-blue-client/AndroidManifest.xml:17:9-35
	android:icon
		ADDED from CedarBlue/cedar-blue-client/AndroidManifest.xml:18:9-45
	android:theme
		ADDED from CedarBlue/cedar-blue-client/AndroidManifest.xml:20:9-40
activity#edu.augustana.cedarblue.MainActivity
ADDED from CedarBlue/cedar-blue-client/AndroidManifest.xml:21:9-29:20
	android:label
		ADDED from CedarBlue/cedar-blue-client/AndroidManifest.xml:23:13-45
	android:name
		ADDED from CedarBlue/cedar-blue-client/AndroidManifest.xml:22:13-64
intent-filter#android.intent.action.MAIN+android.intent.category.LAUNCHER
ADDED from CedarBlue/cedar-blue-client/AndroidManifest.xml:24:13-28:29
action#android.intent.action.MAIN
ADDED from CedarBlue/cedar-blue-client/AndroidManifest.xml:25:17-69
	android:name
		ADDED from CedarBlue/cedar-blue-client/AndroidManifest.xml:25:25-66
category#android.intent.category.LAUNCHER
ADDED from CedarBlue/cedar-blue-client/AndroidManifest.xml:27:17-77
	android:name
		ADDED from CedarBlue/cedar-blue-client/AndroidManifest.xml:27:27-74
activity#edu.augustana.cedarblue.TopicBoardActivity
ADDED from CedarBlue/cedar-blue-client/AndroidManifest.xml:30:9-64
	android:name
		ADDED from CedarBlue/cedar-blue-client/AndroidManifest.xml:30:19-52
meta-data#com.google.android.gms.version
ADDED from CedarBlue/cedar-blue-client/AndroidManifest.xml:32:9-34:69
MERGED from [com.google.android.gms:play-services-basement:8.4.0] AndroidManifest.xml:21:9-23:69
	android:value
		ADDED from CedarBlue/cedar-blue-client/AndroidManifest.xml:34:13-66
	android:name
		ADDED from CedarBlue/cedar-blue-client/AndroidManifest.xml:33:13-58
uses-permission#com.google.android.c2dm.permission.RECEIVE
ADDED from [com.google.android.gms:play-services-gcm:8.4.0] AndroidManifest.xml:21:5-82
	android:name
		ADDED from [com.google.android.gms:play-services-gcm:8.4.0] AndroidManifest.xml:21:22-79
uses-permission#android.permission.ACCESS_NETWORK_STATE
ADDED from [com.google.android.gms:play-services-measurement:8.4.0] AndroidManifest.xml:22:5-79
	android:name
		ADDED from [com.google.android.gms:play-services-measurement:8.4.0] AndroidManifest.xml:22:22-76
uses-permission#android.permission.WAKE_LOCK
ADDED from [com.google.android.gms:play-services-measurement:8.4.0] AndroidManifest.xml:24:5-67
	android:name
		ADDED from [com.google.android.gms:play-services-measurement:8.4.0] AndroidManifest.xml:24:22-65
provider#com.google.android.gms.measurement.AppMeasurementContentProvider
ADDED from [com.google.android.gms:play-services-measurement:8.4.0] AndroidManifest.xml:28:7-31:37
	android:authorities
		ADDED from [com.google.android.gms:play-services-measurement:8.4.0] AndroidManifest.xml:29:11-76
		INJECTED from CedarBlue/cedar-blue-client/AndroidManifest.xml
	android:exported
		ADDED from [com.google.android.gms:play-services-measurement:8.4.0] AndroidManifest.xml:31:11-35
	android:name
		ADDED from [com.google.android.gms:play-services-measurement:8.4.0] AndroidManifest.xml:30:11-90
receiver#com.google.android.gms.measurement.AppMeasurementReceiver
ADDED from [com.google.android.gms:play-services-measurement:8.4.0] AndroidManifest.xml:33:7-39:18
	android:enabled
		ADDED from [com.google.android.gms:play-services-measurement:8.4.0] AndroidManifest.xml:35:11-33
	android:name
		ADDED from [com.google.android.gms:play-services-measurement:8.4.0] AndroidManifest.xml:34:11-83
intent-filter#com.google.android.gms.measurement.UPLOAD
ADDED from [com.google.android.gms:play-services-measurement:8.4.0] AndroidManifest.xml:36:9-38:25
action#com.google.android.gms.measurement.UPLOAD
ADDED from [com.google.android.gms:play-services-measurement:8.4.0] AndroidManifest.xml:37:11-77
	android:name
		ADDED from [com.google.android.gms:play-services-measurement:8.4.0] AndroidManifest.xml:37:19-75
service#com.google.android.gms.measurement.AppMeasurementService
ADDED from [com.google.android.gms:play-services-measurement:8.4.0] AndroidManifest.xml:41:7-44:37
	android:enabled
		ADDED from [com.google.android.gms:play-services-measurement:8.4.0] AndroidManifest.xml:43:11-33
	android:exported
		ADDED from [com.google.android.gms:play-services-measurement:8.4.0] AndroidManifest.xml:44:11-35
	android:name
		ADDED from [com.google.android.gms:play-services-measurement:8.4.0] AndroidManifest.xml:42:11-82